<?xml version="1.0" encoding="UTF-8"?>
<!-- Generated by org.testng.reporters.JUnitReportReporter -->
<testsuite skipped="0" hostname="EMACBOOK-52.Dlink" name="cucumberOptions.TestRunner" tests="2" failures="0" timestamp="15 Aug 2019 12:57:16 GMT" time="41.946" errors="0">
  <testcase name="feature" time="20.324" classname="cucumberOptions.TestRunner"/>
  <testcase name="feature" time="21.622" classname="cucumberOptions.TestRunner"/>
</testsuite> <!-- cucumberOptions.TestRunner -->
